c:\users\nick\desktop\game\game\game\x64\debug\vc143.pdb
c:\users\nick\desktop\game\game\game\x64\debug\vc143.idb
c:\users\nick\desktop\game\game\game\x64\debug\glad.obj
c:\users\nick\desktop\game\game\game\x64\debug\texture.obj
c:\users\nick\desktop\game\game\game\x64\debug\shader.obj
c:\users\nick\desktop\game\game\game\x64\debug\player.obj
c:\users\nick\desktop\game\game\game\x64\debug\main.obj
c:\users\nick\desktop\game\game\game\x64\debug\chunk_mesh.obj
c:\users\nick\desktop\game\game\game\x64\debug\chunk.obj
c:\users\nick\desktop\game\game\game\x64\debug\camera.obj
c:\users\nick\desktop\game\game\game\x64\debug\imgui_widgets.obj
c:\users\nick\desktop\game\game\game\x64\debug\imgui_tables.obj
c:\users\nick\desktop\game\game\game\x64\debug\imgui_draw.obj
c:\users\nick\desktop\game\game\game\x64\debug\imgui_demo.obj
c:\users\nick\desktop\game\game\game\x64\debug\imgui.obj
c:\users\nick\desktop\game\game\game\x64\debug\imgui_impl_sdl2.obj
c:\users\nick\desktop\game\game\game\x64\debug\imgui_impl_opengl3.obj
c:\users\nick\desktop\game\game\x64\debug\client.pdb
c:\users\nick\desktop\game\game\game\x64\debug\client.tlog\cl.command.1.tlog
c:\users\nick\desktop\game\game\game\x64\debug\client.tlog\cl.read.1.tlog
c:\users\nick\desktop\game\game\game\x64\debug\client.tlog\cl.write.1.tlog
c:\users\nick\desktop\game\game\game\x64\debug\client.tlog\link-cvtres.read.1.tlog
c:\users\nick\desktop\game\game\game\x64\debug\client.tlog\link-cvtres.write.1.tlog
c:\users\nick\desktop\game\game\game\x64\debug\client.tlog\link-rc.read.1.tlog
c:\users\nick\desktop\game\game\game\x64\debug\client.tlog\link-rc.write.1.tlog
c:\users\nick\desktop\game\game\game\x64\debug\client.tlog\link.command.1.tlog
c:\users\nick\desktop\game\game\game\x64\debug\client.tlog\link.read.1.tlog
c:\users\nick\desktop\game\game\game\x64\debug\client.tlog\link.read.2.tlog
c:\users\nick\desktop\game\game\game\x64\debug\client.tlog\link.write.1.tlog
