c:\users\nick\desktop\game\game\game\x64\debug\vc143.pdb
c:\users\nick\desktop\game\game\game\x64\debug\vc143.idb
c:\users\nick\desktop\game\game\game\x64\debug\main.obj
c:\users\nick\desktop\game\game\game\x64\debug\imgui_widgets.obj
c:\users\nick\desktop\game\game\game\x64\debug\imgui_tables.obj
c:\users\nick\desktop\game\game\game\x64\debug\imgui_draw.obj
c:\users\nick\desktop\game\game\game\x64\debug\imgui_demo.obj
c:\users\nick\desktop\game\game\game\x64\debug\imgui.obj
c:\users\nick\desktop\game\game\game\x64\debug\imgui_impl_sdl2.obj
c:\users\nick\desktop\game\game\game\x64\debug\imgui_impl_opengl3.obj
c:\users\nick\desktop\game\game\game\x64\debug\glad.obj
c:\users\nick\desktop\game\game\x64\debug\game.pdb
c:\users\nick\desktop\game\game\game\x64\debug\game.tlog\cl.command.1.tlog
c:\users\nick\desktop\game\game\game\x64\debug\game.tlog\cl.read.1.tlog
c:\users\nick\desktop\game\game\game\x64\debug\game.tlog\cl.write.1.tlog
c:\users\nick\desktop\game\game\game\x64\debug\game.tlog\link-cvtres.read.1.tlog
c:\users\nick\desktop\game\game\game\x64\debug\game.tlog\link-cvtres.write.1.tlog
c:\users\nick\desktop\game\game\game\x64\debug\game.tlog\link-rc.read.1.tlog
c:\users\nick\desktop\game\game\game\x64\debug\game.tlog\link-rc.write.1.tlog
c:\users\nick\desktop\game\game\game\x64\debug\game.tlog\link.42488-cvtres.read.1.tlog
c:\users\nick\desktop\game\game\game\x64\debug\game.tlog\link.42488-cvtres.write.1.tlog
c:\users\nick\desktop\game\game\game\x64\debug\game.tlog\link.42488-rc.read.1.tlog
c:\users\nick\desktop\game\game\game\x64\debug\game.tlog\link.42488-rc.write.1.tlog
c:\users\nick\desktop\game\game\game\x64\debug\game.tlog\link.42488.read.1.tlog
c:\users\nick\desktop\game\game\game\x64\debug\game.tlog\link.42488.read.2.tlog
c:\users\nick\desktop\game\game\game\x64\debug\game.tlog\link.42488.write.1.tlog
c:\users\nick\desktop\game\game\game\x64\debug\game.tlog\link.command.1.tlog
c:\users\nick\desktop\game\game\game\x64\debug\game.tlog\link.read.1.tlog
c:\users\nick\desktop\game\game\game\x64\debug\game.tlog\link.read.2.tlog
c:\users\nick\desktop\game\game\game\x64\debug\game.tlog\link.write.1.tlog
